<?xml version="1.0" encoding="UTF-8"?>
<!-- Generated by org.testng.reporters.JUnitXMLReporter -->
<testsuite hostname="HYDGSI3DQXHR2" ignored="0" name="Default test" tests="3" failures="0" timestamp="2020-07-05T19:09:06 IST" time="0.073" errors="0">
  <testcase name="methodz" time="0.013" classname="TestDmeo.TestCase2"/>
  <testcase name="methody" time="0.002" classname="TestDmeo.TestCase2"/>
  <testcase name="methodx" time="0.002" classname="TestDmeo.TestCase2"/>
</testsuite> <!-- Default test -->
