<?xml version="1.0" encoding="UTF-8"?>
<testng-results skipped="0" failed="0" ignored="1" total="7" passed="6">
  <reporter-output>
  </reporter-output>
  <suite name="Suite" duration-ms="71" started-at="2020-07-05T19:16:30 IST" finished-at="2020-07-05T19:16:30 IST">
    <groups>
    </groups>
    <test name="Test" duration-ms="71" started-at="2020-07-05T19:16:30 IST" finished-at="2020-07-05T19:16:30 IST">
      <class name="TestDmeo.Testcase1">
        <test-method status="PASS" signature="methodB()[pri:0, instance:TestDmeo.Testcase1@3e9b1010]" name="methodB" duration-ms="10" started-at="2020-07-05T19:16:30 IST" finished-at="2020-07-05T19:16:30 IST">
          <reporter-output>
          </reporter-output>
        </test-method> <!-- methodB -->
        <test-method status="PASS" signature="methodC()[pri:0, instance:TestDmeo.Testcase1@3e9b1010]" name="methodC" duration-ms="1" started-at="2020-07-05T19:16:30 IST" finished-at="2020-07-05T19:16:30 IST">
          <reporter-output>
          </reporter-output>
        </test-method> <!-- methodC -->
      </class> <!-- TestDmeo.Testcase1 -->
      <class name="TestDmeo.TestCase2">
        <test-method status="PASS" signature="methodz()[pri:1, instance:TestDmeo.TestCase2@6c3708b3]" name="methodz" duration-ms="1" started-at="2020-07-05T19:16:30 IST" finished-at="2020-07-05T19:16:30 IST">
          <reporter-output>
          </reporter-output>
        </test-method> <!-- methodz -->
        <test-method status="PASS" signature="methody()[pri:2, instance:TestDmeo.TestCase2@6c3708b3]" name="methody" duration-ms="2" started-at="2020-07-05T19:16:30 IST" finished-at="2020-07-05T19:16:30 IST">
          <reporter-output>
          </reporter-output>
        </test-method> <!-- methody -->
        <test-method status="PASS" signature="methodx()[pri:3, instance:TestDmeo.TestCase2@6c3708b3]" name="methodx" duration-ms="2" started-at="2020-07-05T19:16:30 IST" finished-at="2020-07-05T19:16:30 IST">
          <reporter-output>
          </reporter-output>
        </test-method> <!-- methodx -->
      </class> <!-- TestDmeo.TestCase2 -->
      <class name="TestDmeo.TestCase3">
        <test-method status="PASS" signature="methodD()[pri:0, instance:TestDmeo.TestCase3@6f1fba17]" name="methodD" duration-ms="2" started-at="2020-07-05T19:16:30 IST" finished-at="2020-07-05T19:16:30 IST">
          <reporter-output>
          </reporter-output>
        </test-method> <!-- methodD -->
      </class> <!-- TestDmeo.TestCase3 -->
    </test> <!-- Test -->
  </suite> <!-- Suite -->
</testng-results>
