<?xml version="1.0" encoding="UTF-8"?>
<!-- Generated by org.testng.reporters.JUnitXMLReporter -->
<testsuite hostname="HYDGSI3DQXHR2" ignored="1" name="Test" tests="6" failures="0" timestamp="2020-07-05T19:16:30 IST" time="0.071" errors="0">
  <testcase name="methodB" time="0.01" classname="TestDmeo.Testcase1"/>
  <testcase name="methodC" time="0.001" classname="TestDmeo.Testcase1"/>
  <testcase name="methodz" time="0.001" classname="TestDmeo.TestCase2"/>
  <testcase name="methody" time="0.002" classname="TestDmeo.TestCase2"/>
  <testcase name="methodx" time="0.002" classname="TestDmeo.TestCase2"/>
  <testcase name="methodD" time="0.002" classname="TestDmeo.TestCase3"/>
  <testcase name="methodA" time="0.0" classname="TestDmeo.Testcase1">
    <ignored/>
  </testcase> <!-- methodA -->
</testsuite> <!-- Test -->
